(node:90679) ExperimentalWarning: CommonJS module /opt/homebrew/lib/node_modules/npm/node_modules/debug/src/node.js is loading ES Module /opt/homebrew/lib/node_modules/npm/node_modules/supports-color/index.js using require().
Support for loading ES Module in require() is an experimental feature and might change at any time
(Use `node --trace-warnings ...` to show where the warning was created)

node:internal/modules/run_main:122
    triggerUncaughtException(
    ^
Error [ERR_MODULE_NOT_FOUND]: Cannot find module '/Users/joaobatistaramalhodelima/Projeto Viva360/Viva360-1/backend/src/index.ts' imported from /Users/joaobatistaramalhodelima/Projeto Viva360/Viva360-1/backend/
    at finalizeResolution (node:internal/modules/esm/resolve:275:11)
    at moduleResolve (node:internal/modules/esm/resolve:860:10)
    at defaultResolve (node:internal/modules/esm/resolve:984:11)
    at nextResolve (node:internal/modules/esm/hooks:748:28)
    at resolveBase (file:///Users/joaobatistaramalhodelima/Projeto%20Viva360/Viva360-1/node_modules/tsx/dist/esm/index.mjs?1772227135062:2:3744)
    at resolveDirectory (file:///Users/joaobatistaramalhodelima/Projeto%20Viva360/Viva360-1/node_modules/tsx/dist/esm/index.mjs?1772227135062:2:4243)
    at resolveTsPaths (file:///Users/joaobatistaramalhodelima/Projeto%20Viva360/Viva360-1/node_modules/tsx/dist/esm/index.mjs?1772227135062:2:4984)
    at resolve (file:///Users/joaobatistaramalhodelima/Projeto%20Viva360/Viva360-1/node_modules/tsx/dist/esm/index.mjs?1772227135062:2:5361)
    at nextResolve (node:internal/modules/esm/hooks:748:28)
    at Hooks.resolve (node:internal/modules/esm/hooks:240:30) {
  code: 'ERR_MODULE_NOT_FOUND',
  url: 'file:///Users/joaobatistaramalhodelima/Projeto%20Viva360/Viva360-1/backend/src/index.ts'
}

Node.js v23.3.0
